<?xml version="1.0" encoding="UTF-8"?>
<!-- Generated by org.testng.reporters.JUnitReportReporter -->
<testsuite hostname="HbpSoft" failures="0" tests="1" name="com.machines.Ping_Status.Login_Network_Ping" time="3.144" errors="0" timestamp="2024-04-05T14:26:59 IST" skipped="0">
  <testcase classname="com.machines.Ping_Status.Login_Network_Ping" name="testPing" time="3.144"/>
  <system-out/>
</testsuite> <!-- com.machines.Ping_Status.Login_Network_Ping -->
