<?xml version="1.0" encoding="UTF-8"?>
<!-- Generated by org.testng.reporters.JUnitReportReporter -->
<testsuite hostname="vivobook-asuslaptop-x512flc-x512fl" failures="0" tests="3" name="com.machines.Ping_Status.dgx_Machines" time="16.218" errors="0" timestamp="2024-02-12T10:06:57 IST" skipped="0">
  <testcase classname="com.machines.Ping_Status.dgx_Machines" name="dgx1" time="4.083"/>
  <system-out/>
  <testcase classname="com.machines.Ping_Status.dgx_Machines" name="dgx2" time="6.072"/>
  <system-out/>
  <testcase classname="com.machines.Ping_Status.dgx_Machines" name="dgx3" time="6.063"/>
  <system-out/>
</testsuite> <!-- com.machines.Ping_Status.dgx_Machines -->
