<?xml version="1.0" encoding="UTF-8"?>
<!-- Generated by org.testng.reporters.JUnitReportReporter -->
<testsuite hostname="vivobook-asuslaptop-x512flc-x512fl" failures="0" tests="4" name="com.machines.Ping_Status.apollo_Machines" time="24.399" errors="0" timestamp="2024-01-20T11:36:25 IST" skipped="0">
  <testcase classname="com.machines.Ping_Status.apollo_Machines" name="apollo1" time="6.179"/>
  <system-out/>
  <testcase classname="com.machines.Ping_Status.apollo_Machines" name="apollo2" time="6.045"/>
  <system-out/>
  <testcase classname="com.machines.Ping_Status.apollo_Machines" name="apollo3" time="6.102"/>
  <system-out/>
  <testcase classname="com.machines.Ping_Status.apollo_Machines" name="apollo6" time="6.073"/>
  <system-out/>
</testsuite> <!-- com.machines.Ping_Status.apollo_Machines -->
