<?xml version="1.0" encoding="UTF-8"?>
<!-- Generated by org.testng.reporters.JUnitReportReporter -->
<testsuite hostname="HbpSoft" failures="0" tests="4" name="com.machines.Ping_Status.apollo_Machines" time="20.943" errors="0" timestamp="2024-03-21T10:19:48 IST" skipped="0">
  <testcase classname="com.machines.Ping_Status.apollo_Machines" name="apollo1" time="3.748"/>
  <system-out/>
  <testcase classname="com.machines.Ping_Status.apollo_Machines" name="apollo2" time="6.782"/>
  <system-out/>
  <testcase classname="com.machines.Ping_Status.apollo_Machines" name="ap3" time="6.728"/>
  <system-out/>
  <testcase classname="com.machines.Ping_Status.apollo_Machines" name="ap6" time="3.685"/>
  <system-out/>
</testsuite> <!-- com.machines.Ping_Status.apollo_Machines -->
