<?xml version="1.0" encoding="UTF-8"?>
<!-- Generated by org.testng.reporters.JUnitReportReporter -->
<testsuite hostname="HbpSoft" failures="0" tests="7" name="com.machines.Ping_Status.Dev_Machines" time="29.758" errors="0" timestamp="2024-03-21T10:39:41 IST" skipped="0">
  <testcase classname="com.machines.Ping_Status.Dev_Machines" name="dev2nathan" time="0.935"/>
  <system-out/>
  <testcase classname="com.machines.Ping_Status.Dev_Machines" name="dev2mani" time="4.010"/>
  <system-out/>
  <testcase classname="com.machines.Ping_Status.Dev_Machines" name="dev2sam" time="3.709"/>
  <system-out/>
  <testcase classname="com.machines.Ping_Status.Dev_Machines" name="dev2meena" time="3.856"/>
  <system-out/>
  <testcase classname="com.machines.Ping_Status.Dev_Machines" name="dev2sasi" time="6.784"/>
  <system-out/>
  <testcase classname="com.machines.Ping_Status.Dev_Machines" name="dev2gayathri" time="3.718"/>
  <system-out/>
  <testcase classname="com.machines.Ping_Status.Dev_Machines" name="dev2kamal" time="6.746"/>
  <system-out/>
</testsuite> <!-- com.machines.Ping_Status.Dev_Machines -->
