<?xml version="1.0" encoding="UTF-8"?>
<!-- Generated by org.testng.reporters.JUnitReportReporter -->
<testsuite hostname="HbpSoft" failures="0" tests="2" name="com.machines.Ping_Status.public_Machines" time="13.774" errors="0" timestamp="2024-03-21T10:36:46 IST" skipped="0">
  <testcase classname="com.machines.Ping_Status.public_Machines" name="PrivateDataportal" time="6.981"/>
  <system-out/>
  <testcase classname="com.machines.Ping_Status.public_Machines" name="PrivateColab" time="6.793"/>
  <system-out/>
</testsuite> <!-- com.machines.Ping_Status.public_Machines -->
