<?xml version="1.0" encoding="UTF-8"?>
<!-- Generated by org.testng.reporters.JUnitReportReporter -->
<testsuite hostname="vivobook-asuslaptop-x512flc-x512fl" failures="0" tests="7" name="com.machines.Ping_Status.Dev_Machines" time="41.579" errors="0" timestamp="2024-01-20T17:15:37 IST" skipped="0">
  <testcase classname="com.machines.Ping_Status.Dev_Machines" name="dev2nathan" time="3.452"/>
  <system-out/>
  <testcase classname="com.machines.Ping_Status.Dev_Machines" name="dev2mani" time="6.169"/>
  <system-out/>
  <testcase classname="com.machines.Ping_Status.Dev_Machines" name="dev2sam" time="6.781"/>
  <system-out/>
  <testcase classname="com.machines.Ping_Status.Dev_Machines" name="dev2meena" time="6.116"/>
  <system-out/>
  <testcase classname="com.machines.Ping_Status.Dev_Machines" name="dev2sasi" time="6.907"/>
  <system-out/>
  <testcase classname="com.machines.Ping_Status.Dev_Machines" name="dev2gayathri" time="6.120"/>
  <system-out/>
  <testcase classname="com.machines.Ping_Status.Dev_Machines" name="dev2kamal" time="6.034"/>
  <system-out/>
</testsuite> <!-- com.machines.Ping_Status.Dev_Machines -->
