<?xml version="1.0" encoding="UTF-8"?>
<!-- Generated by org.testng.reporters.JUnitReportReporter -->
<testsuite hostname="vivobook-asuslaptop-x512flc-x512fl" failures="0" tests="4" name="com.machines.Ping_Status.apollo_Machines" time="21.325" errors="0" timestamp="2024-02-12T09:37:25 IST" skipped="0">
  <testcase classname="com.machines.Ping_Status.apollo_Machines" name="apollo1" time="6.079"/>
  <system-out/>
  <testcase classname="com.machines.Ping_Status.apollo_Machines" name="apollo2" time="6.052"/>
  <system-out/>
  <testcase classname="com.machines.Ping_Status.apollo_Machines" name="apollo3" time="6.083"/>
  <system-out/>
  <testcase classname="com.machines.Ping_Status.apollo_Machines" name="apollo6" time="3.111"/>
  <system-out/>
</testsuite> <!-- com.machines.Ping_Status.apollo_Machines -->
