<?xml version="1.0" encoding="UTF-8"?>
<!-- Generated by org.testng.reporters.JUnitReportReporter -->
<testsuite hostname="vivobook-asuslaptop-x512flc-x512fl" failures="0" tests="9" name="com.machines.Ping_Status.PP_Machines" time="31.717" errors="0" timestamp="2024-02-12T10:18:34 IST" skipped="0">
  <testcase classname="com.machines.Ping_Status.PP_Machines" name="pp1" time="6.384"/>
  <system-out/>
  <testcase classname="com.machines.Ping_Status.PP_Machines" name="pp2" time="3.089"/>
  <system-out/>
  <testcase classname="com.machines.Ping_Status.PP_Machines" name="pp3v5" time="3.105"/>
  <system-out/>
  <testcase classname="com.machines.Ping_Status.PP_Machines" name="pp4v5" time="3.098"/>
  <system-out/>
  <testcase classname="com.machines.Ping_Status.PP_Machines" name="pp4v15" time="3.345"/>
  <system-out/>
  <testcase classname="com.machines.Ping_Status.PP_Machines" name="pp5v5" time="3.289"/>
  <system-out/>
  <testcase classname="com.machines.Ping_Status.PP_Machines" name="pp5v15" time="3.091"/>
  <system-out/>
  <testcase classname="com.machines.Ping_Status.PP_Machines" name="pp7v5" time="3.222"/>
  <system-out/>
  <testcase classname="com.machines.Ping_Status.PP_Machines" name="pp7v15" time="3.094"/>
  <system-out/>
</testsuite> <!-- com.machines.Ping_Status.PP_Machines -->
