<?xml version="1.0" encoding="UTF-8"?>
<!-- Generated by org.testng.reporters.JUnitReportReporter -->
<testsuite hostname="vivobook-asuslaptop-x512flc-x512fl" failures="0" tests="9" name="com.machines.Ping_Status.PP_Machines" time="32.077" errors="0" timestamp="2024-02-12T10:38:56 IST" skipped="0">
  <testcase classname="com.machines.Ping_Status.PP_Machines" name="pp1" time="6.095"/>
  <system-out/>
  <testcase classname="com.machines.Ping_Status.PP_Machines" name="pp2" time="3.156"/>
  <system-out/>
  <testcase classname="com.machines.Ping_Status.PP_Machines" name="pp3v5" time="3.138"/>
  <system-out/>
  <testcase classname="com.machines.Ping_Status.PP_Machines" name="pp4v5" time="3.112"/>
  <system-out/>
  <testcase classname="com.machines.Ping_Status.PP_Machines" name="pp4v15" time="3.322"/>
  <system-out/>
  <testcase classname="com.machines.Ping_Status.PP_Machines" name="pp5v5" time="3.113"/>
  <system-out/>
  <testcase classname="com.machines.Ping_Status.PP_Machines" name="pp5v15" time="3.898"/>
  <system-out/>
  <testcase classname="com.machines.Ping_Status.PP_Machines" name="pp7v5" time="3.139"/>
  <system-out/>
  <testcase classname="com.machines.Ping_Status.PP_Machines" name="pp7v15" time="3.104"/>
  <system-out/>
</testsuite> <!-- com.machines.Ping_Status.PP_Machines -->
