<?xml version="1.0" encoding="UTF-8"?>
<!-- Generated by org.testng.reporters.JUnitReportReporter -->
<testsuite hostname="vivobook-asuslaptop-x512flc-x512fl" failures="0" tests="9" name="com.machines.Ping_Status.PP_Machines" time="30.026" errors="0" timestamp="2024-02-01T09:29:13 IST" skipped="0">
  <testcase classname="com.machines.Ping_Status.PP_Machines" name="pp1" time="3.153"/>
  <system-out/>
  <testcase classname="com.machines.Ping_Status.PP_Machines" name="pp2" time="2.703"/>
  <system-out/>
  <testcase classname="com.machines.Ping_Status.PP_Machines" name="pp3v5" time="4.959"/>
  <system-out/>
  <testcase classname="com.machines.Ping_Status.PP_Machines" name="pp4v5" time="3.090"/>
  <system-out/>
  <testcase classname="com.machines.Ping_Status.PP_Machines" name="pp4v15" time="3.926"/>
  <system-out/>
  <testcase classname="com.machines.Ping_Status.PP_Machines" name="pp5v5" time="3.094"/>
  <system-out/>
  <testcase classname="com.machines.Ping_Status.PP_Machines" name="pp5v15" time="3.088"/>
  <system-out/>
  <testcase classname="com.machines.Ping_Status.PP_Machines" name="pp7v5" time="2.884"/>
  <system-out/>
  <testcase classname="com.machines.Ping_Status.PP_Machines" name="pp7v15" time="3.129"/>
  <system-out/>
</testsuite> <!-- com.machines.Ping_Status.PP_Machines -->
