<?xml version="1.0" encoding="UTF-8"?>
<!-- Generated by org.testng.reporters.JUnitReportReporter -->
<testsuite hostname="vivobook-asuslaptop-x512flc-x512fl" failures="0" tests="2" name="com.machines.Ping_Status.public_Machines" time="15.927" errors="0" timestamp="2024-01-20T14:23:15 IST" skipped="0">
  <testcase classname="com.machines.Ping_Status.public_Machines" name="PrivateDataportal" time="6.405"/>
  <system-out/>
  <testcase classname="com.machines.Ping_Status.public_Machines" name="PrivateColab" time="9.522"/>
  <system-out/>
</testsuite> <!-- com.machines.Ping_Status.public_Machines -->
