<?xml version="1.0" encoding="UTF-8"?>
<!-- Generated by org.testng.reporters.JUnitReportReporter -->
<testsuite hostname="HbpSoft" failures="0" tests="9" name="com.machines.Ping_Status.PP_Machines" time="42.411" errors="0" timestamp="2024-03-21T10:30:34 IST" skipped="0">
  <testcase classname="com.machines.Ping_Status.PP_Machines" name="pp1" time="6.928"/>
  <system-out/>
  <testcase classname="com.machines.Ping_Status.PP_Machines" name="pp2" time="0.781"/>
  <system-out/>
  <testcase classname="com.machines.Ping_Status.PP_Machines" name="pp3v5" time="6.849"/>
  <system-out/>
  <testcase classname="com.machines.Ping_Status.PP_Machines" name="pp4v5" time="6.786"/>
  <system-out/>
  <testcase classname="com.machines.Ping_Status.PP_Machines" name="pp4v15" time="3.845"/>
  <system-out/>
  <testcase classname="com.machines.Ping_Status.PP_Machines" name="pp5v5" time="5.802"/>
  <system-out/>
  <testcase classname="com.machines.Ping_Status.PP_Machines" name="pp5v15" time="3.763"/>
  <system-out/>
  <testcase classname="com.machines.Ping_Status.PP_Machines" name="pp7v5" time="3.746"/>
  <system-out/>
  <testcase classname="com.machines.Ping_Status.PP_Machines" name="pp7v15" time="3.911"/>
  <system-out/>
</testsuite> <!-- com.machines.Ping_Status.PP_Machines -->
